<?xml version="1.0" encoding="UTF-8"?>
<!-- Generated by org.testng.reporters.JUnitReportReporter -->
<testsuite hostname="DESKTOP-N00LOFS" failures="0" tests="1" name="com.udhayanna.AppTest" time="0.002" errors="0" timestamp="2021-10-05T18:53:14 IST" skipped="0">
  <testcase classname="com.udhayanna.AppTest" name="shouldAnswerWithTrue" time="0.002"/>
  <system-out/>
</testsuite> <!-- com.udhayanna.AppTest -->
